D:\CROSSAPP\COCOSDENSHION\PROJ.WIN32\DEBUG.WIN32\MCIPLAYER.OBJ
D:\CROSSAPP\COCOSDENSHION\PROJ.WIN32\DEBUG.WIN32\SIMPLEAUDIOENGINE.OBJ
D:\CROSSAPP\COCOSDENSHION\PROJ.WIN32\DEBUG.WIN32\VC110.PDB
D:\CrossApp\projects\Book9s\proj.win32\Debug.win32\libCocosDenshion.lib
D:\CrossApp\projects\Book9s\proj.win32\Debug.win32\libCocosDenshion.exp
D:\CrossApp\samples\demo\proj.win32\Debug.win32\libCocosDenshion.lib
D:\CrossApp\samples\demo\proj.win32\Debug.win32\libCocosDenshion.exp
D:\CROSSAPP\PROJECTS\BOOK9S\PROJ.WIN32\DEBUG.WIN32\LIBCOCOSDENSHION.DLL
D:\CROSSAPP\PROJECTS\BOOK9S\PROJ.WIN32\DEBUG.WIN32\LIBCOCOSDENSHION.PDB
D:\CrossApp\CocosDenshion\proj.win32\Debug.win32\MciPlayer.obj
D:\CrossApp\CocosDenshion\proj.win32\Debug.win32\SimpleAudioEngine.obj
D:\CrossApp\CocosDenshion\proj.win32\Debug.win32\cl.command.1.tlog
D:\CrossApp\CocosDenshion\proj.win32\Debug.win32\CL.read.1.tlog
D:\CrossApp\CocosDenshion\proj.win32\Debug.win32\CL.write.1.tlog
D:\CrossApp\CocosDenshion\proj.win32\Debug.win32\libCocosDenshion.write.1.tlog
D:\CrossApp\CocosDenshion\proj.win32\Debug.win32\link-cvtres.read.1.tlog
D:\CrossApp\CocosDenshion\proj.win32\Debug.win32\link-cvtres.write.1.tlog
D:\CrossApp\CocosDenshion\proj.win32\Debug.win32\link-rc.read.1.tlog
D:\CrossApp\CocosDenshion\proj.win32\Debug.win32\link-rc.write.1.tlog
D:\CrossApp\CocosDenshion\proj.win32\Debug.win32\link.command.1.tlog
D:\CrossApp\CocosDenshion\proj.win32\Debug.win32\link.read.1.tlog
D:\CrossApp\CocosDenshion\proj.win32\Debug.win32\link.write.1.tlog
D:\CrossApp\CocosDenshion\proj.win32\Debug.win32\vc110.idb
D:\CrossApp\CocosDenshion\proj.win32\Debug.win32\vc110.pdb
D:\CrossApp\projects\Book9s\proj.win32\Debug.win32\libCocosDenshion.pdb
D:\CrossApp\projects\Book9s\proj.win32\Debug.win32\libCocosDenshion.dll
