D:\CROSSAPP\EXTENSIONS\PROJ.WIN32\DEBUG.WIN32\ASSETSMANAGER.OBJ
D:\CROSSAPP\EXTENSIONS\PROJ.WIN32\DEBUG.WIN32\CAUIHELPER.OBJ
D:\CROSSAPP\EXTENSIONS\PROJ.WIN32\DEBUG.WIN32\CSCONTENTJSONDICTIONARY.OBJ
D:\CROSSAPP\EXTENSIONS\PROJ.WIN32\DEBUG.WIN32\DICTIONARYHELPER.OBJ
D:\CROSSAPP\EXTENSIONS\PROJ.WIN32\DEBUG.WIN32\JSON_READER.OBJ
D:\CROSSAPP\EXTENSIONS\PROJ.WIN32\DEBUG.WIN32\JSON_VALUE.OBJ
D:\CROSSAPP\EXTENSIONS\PROJ.WIN32\DEBUG.WIN32\JSON_WRITER.OBJ
D:\CROSSAPP\EXTENSIONS\PROJ.WIN32\DEBUG.WIN32\LOCALSTORAGE.OBJ
D:\CROSSAPP\EXTENSIONS\PROJ.WIN32\DEBUG.WIN32\HTTPCLIENT.OBJ
D:\CROSSAPP\EXTENSIONS\PROJ.WIN32\DEBUG.WIN32\WEBSOCKET.OBJ
D:\CROSSAPP\EXTENSIONS\PROJ.WIN32\DEBUG.WIN32\CAADDRESSMANAGER.OBJ
D:\CROSSAPP\EXTENSIONS\PROJ.WIN32\DEBUG.WIN32\CAMEDIAMANAGER.OBJ
D:\CROSSAPP\EXTENSIONS\PROJ.WIN32\DEBUG.WIN32\CALOCATIONMANAGER.OBJ
D:\CROSSAPP\EXTENSIONS\PROJ.WIN32\DEBUG.WIN32\CASTUDIOVIEWCONTROLLER.OBJ
D:\CROSSAPP\EXTENSIONS\PROJ.WIN32\DEBUG.WIN32\VC110.PDB
D:\CROSSAPP\PROJECTS\BOOK9S\PROJ.WIN32\DEBUG.WIN32\LIBEXTENSIONS.LIB
D:\CrossApp\extensions\proj.win32\Debug.win32\AssetsManager.obj
D:\CrossApp\extensions\proj.win32\Debug.win32\CAAddressManager.obj
D:\CrossApp\extensions\proj.win32\Debug.win32\CALocationManager.obj
D:\CrossApp\extensions\proj.win32\Debug.win32\CAMediaManager.obj
D:\CrossApp\extensions\proj.win32\Debug.win32\CAStudioViewController.obj
D:\CrossApp\extensions\proj.win32\Debug.win32\CAUIHelper.obj
D:\CrossApp\extensions\proj.win32\Debug.win32\CSContentJsonDictionary.obj
D:\CrossApp\extensions\proj.win32\Debug.win32\DictionaryHelper.obj
D:\CrossApp\extensions\proj.win32\Debug.win32\json_reader.obj
D:\CrossApp\extensions\proj.win32\Debug.win32\json_value.obj
D:\CrossApp\extensions\proj.win32\Debug.win32\json_writer.obj
D:\CrossApp\extensions\proj.win32\Debug.win32\LocalStorage.obj
D:\CrossApp\extensions\proj.win32\Debug.win32\Websocket.obj
D:\CrossApp\extensions\proj.win32\Debug.win32\cl.command.1.tlog
D:\CrossApp\extensions\proj.win32\Debug.win32\CL.read.1.tlog
D:\CrossApp\extensions\proj.win32\Debug.win32\CL.write.1.tlog
D:\CrossApp\extensions\proj.win32\Debug.win32\Lib-link.read.1.tlog
D:\CrossApp\extensions\proj.win32\Debug.win32\Lib-link.write.1.tlog
D:\CrossApp\extensions\proj.win32\Debug.win32\lib.command.1.tlog
D:\CrossApp\extensions\proj.win32\Debug.win32\vc110.idb
D:\CrossApp\extensions\proj.win32\Debug.win32\vc110.pdb
D:\CrossApp\projects\Book9s\proj.win32\Debug.win32\libExtensions.lib
