g:\crossapp_beta\crossapp\proj.win32\release.win32\vc120.pdb
g:\crossapp_beta\crossapp\proj.win32\release.win32\cabutton.obj
g:\crossapp_beta\crossapp\proj.win32\release.win32\cabar.obj
g:\crossapp_beta\crossapp\proj.win32\release.win32\caviewcontroller.obj
g:\crossapp_beta\crossapp\proj.win32\release.win32\cabaritem.obj
g:\crossapp_beta\crossapp\proj.win32\release.win32\ccstring.obj
g:\crossapp_beta\crossapp\proj.win32\release.win32\ccset.obj
g:\crossapp_beta\crossapp\proj.win32\release.win32\ccns.obj
g:\crossapp_beta\crossapp\proj.win32\release.win32\ccdictionary.obj
g:\crossapp_beta\crossapp\proj.win32\release.win32\ccdatavisitor.obj
g:\crossapp_beta\crossapp\proj.win32\release.win32\ccarray.obj
g:\crossapp_beta\crossapp\proj.win32\release.win32\ccaffinetransform.obj
g:\crossapp_beta\crossapp\proj.win32\release.win32\castlcontainer.obj
g:\crossapp_beta\crossapp\proj.win32\release.win32\cascheduler.obj
g:\crossapp_beta\crossapp\proj.win32\release.win32\caresponder.obj
g:\crossapp_beta\crossapp\proj.win32\release.win32\caobject.obj
g:\crossapp_beta\crossapp\proj.win32\release.win32\cageometry.obj
g:\crossapp_beta\crossapp\proj.win32\release.win32\caconfiguration.obj
g:\crossapp_beta\crossapp\proj.win32\release.win32\cacamera.obj
g:\crossapp_beta\crossapp\proj.win32\release.win32\caautoreleasepool.obj
g:\crossapp_beta\crossapp\proj.win32\release.win32\caapplication.obj
g:\crossapp_beta\crossapp\proj.win32\release.win32\ccactioninterval.obj
g:\crossapp_beta\crossapp\proj.win32\release.win32\ccactioninstant.obj
g:\crossapp_beta\crossapp\proj.win32\release.win32\ccactionease.obj
g:\crossapp_beta\crossapp\proj.win32\release.win32\ccactioncamera.obj
g:\crossapp_beta\crossapp\proj.win32\release.win32\ccaction.obj
g:\crossapp_beta\crossapp\proj.win32\release.win32\ccdrawnode.obj
g:\crossapp_beta\crossapp\proj.win32\release.win32\ccdrawingprimitives.obj
g:\crossapp_beta\crossapp\proj.win32\release.win32\catouchdispatcher.obj
g:\crossapp_beta\crossapp\proj.win32\release.win32\catouch.obj
g:\crossapp_beta\crossapp\proj.win32\release.win32\cakeypaddispatcher.obj
g:\crossapp_beta\crossapp\proj.win32\release.win32\cakeypaddelegate.obj
g:\crossapp_beta\crossapp\proj.win32\release.win32\caimedispatcher.obj
g:\crossapp_beta\crossapp\proj.win32\release.win32\crossapp.obj
g:\crossapp_beta\crossapp\proj.win32\release.win32\catextfield.obj
g:\crossapp_beta\crossapp\proj.win32\release.win32\caswitch.obj
g:\crossapp_beta\crossapp\proj.win32\release.win32\caslider.obj
g:\crossapp_beta\crossapp\proj.win32\release.win32\casegmentedcontrol.obj
g:\crossapp_beta\crossapp\proj.win32\release.win32\caprogress.obj
g:\crossapp_beta\crossapp\proj.win32\release.win32\cadatespinner.obj
g:\crossapp_beta\crossapp\proj.win32\release.win32\cacontrol.obj
g:\crossapp_beta\crossapp\proj.win32\release.win32\ccdevice.obj
g:\crossapp_beta\crossapp\proj.win32\release.win32\cccommon.obj
g:\crossapp_beta\crossapp\proj.win32\release.win32\ccapplication.obj
g:\crossapp_beta\crossapp\proj.win32\release.win32\ccaccelerometer.obj
g:\crossapp_beta\crossapp\proj.win32\release.win32\cadensitydpi.obj
g:\crossapp_beta\crossapp\proj.win32\release.win32\platform.obj
g:\crossapp_beta\crossapp\proj.win32\release.win32\ccthread.obj
g:\crossapp_beta\crossapp\proj.win32\release.win32\ccsaxparser.obj
g:\crossapp_beta\crossapp\proj.win32\release.win32\ccimagecommonwebp.obj
g:\crossapp_beta\crossapp\proj.win32\release.win32\ccfileutils.obj
g:\crossapp_beta\crossapp\proj.win32\release.win32\cceglviewprotocol.obj
g:\crossapp_beta\crossapp\proj.win32\release.win32\cafreetypefont.obj
g:\crossapp_beta\crossapp\proj.win32\release.win32\caimageframecache.obj
g:\crossapp_beta\crossapp\proj.win32\release.win32\caimageframe.obj
g:\crossapp_beta\crossapp\proj.win32\release.win32\caimagecache.obj
g:\crossapp_beta\crossapp\proj.win32\release.win32\caimage.obj
g:\crossapp_beta\crossapp\proj.win32\release.win32\caanimationcache.obj
g:\crossapp_beta\crossapp\proj.win32\release.win32\caanimation.obj
g:\crossapp_beta\crossapp\proj.win32\release.win32\ccactiontween.obj
g:\crossapp_beta\crossapp\proj.win32\release.win32\ccactionmanager.obj
g:\crossapp_beta\crossapp\proj.win32\release.win32\cccarray.obj
g:\crossapp_beta\crossapp\proj.win32\release.win32\transformutils.obj
g:\crossapp_beta\crossapp\proj.win32\release.win32\tinyxml2.obj
g:\crossapp_beta\crossapp\proj.win32\release.win32\convertutfwrapper.obj
g:\crossapp_beta\crossapp\proj.win32\release.win32\convertutf.obj
g:\crossapp_beta\crossapp\proj.win32\release.win32\ccvertex.obj
g:\crossapp_beta\crossapp\proj.win32\release.win32\ccutils.obj
g:\crossapp_beta\crossapp\proj.win32\release.win32\ccutf8.obj
g:\crossapp_beta\crossapp\proj.win32\release.win32\ccprofiling.obj
g:\crossapp_beta\crossapp\proj.win32\release.win32\ccpointextension.obj
g:\crossapp_beta\crossapp\proj.win32\release.win32\canotificationcenter.obj
g:\crossapp_beta\crossapp\proj.win32\release.win32\base64.obj
g:\crossapp_beta\crossapp\proj.win32\release.win32\ccshaders.obj
g:\crossapp_beta\crossapp\proj.win32\release.win32\ccglstatecache.obj
g:\crossapp_beta\crossapp\proj.win32\release.win32\cashadercache.obj
g:\crossapp_beta\crossapp\proj.win32\release.win32\caglprogram.obj
g:\crossapp_beta\crossapp\proj.win32\release.win32\ccstdc.obj
g:\crossapp_beta\crossapp\proj.win32\release.win32\ccimage.obj
g:\crossapp_beta\crossapp\proj.win32\release.win32\ccfileutilswin32.obj
g:\crossapp_beta\crossapp\proj.win32\release.win32\cceglview.obj
g:\crossapp_beta\crossapp\proj.win32\release.win32\cawindow.obj
g:\crossapp_beta\crossapp\proj.win32\release.win32\caview.obj
g:\crossapp_beta\crossapp\proj.win32\release.win32\catableview.obj
g:\crossapp_beta\crossapp\proj.win32\release.win32\cascrollview.obj
g:\crossapp_beta\crossapp\proj.win32\release.win32\cascale9imageview.obj
g:\crossapp_beta\crossapp\proj.win32\release.win32\carenderimage.obj
g:\crossapp_beta\crossapp\proj.win32\release.win32\calabel.obj
g:\crossapp_beta\crossapp\proj.win32\release.win32\caimageview.obj
g:\crossapp_beta\crossapp\proj.win32\release.win32\cacollectionview.obj
g:\crossapp_beta\crossapp\proj.win32\release.win32\caclippingview.obj
g:\crossapp_beta\crossapp\proj.win32\release.win32\cabatchview.obj
g:\crossapp_beta\crossapp\proj.win32\release.win32\caalertview.obj
g:\crossapp_beta\crossapp\proj.win32\release.win32\ziputils.obj
g:\crossapp_beta\crossapp\proj.win32\release.win32\unzip.obj
g:\crossapp_beta\crossapp\proj.win32\release.win32\ioapi.obj
g:\crossapp_beta\crossapp\proj.win32\release.win32\causerdefault.obj
g:\crossapp_beta\crossapp\proj.win32\release.win32\tgalib.obj
g:\crossapp_beta\crossapp\proj.win32\release.win32\matrix.obj
g:\crossapp_beta\crossapp\proj.win32\release.win32\mat4stack.obj
g:\crossapp_beta\crossapp\proj.win32\release.win32\vec4.obj
g:\crossapp_beta\crossapp\proj.win32\release.win32\vec3.obj
g:\crossapp_beta\crossapp\proj.win32\release.win32\vec2.obj
g:\crossapp_beta\crossapp\proj.win32\release.win32\utility.obj
g:\crossapp_beta\crossapp\proj.win32\release.win32\ray2.obj
g:\crossapp_beta\crossapp\proj.win32\release.win32\quaternion.obj
g:\crossapp_beta\crossapp\proj.win32\release.win32\plane.obj
g:\crossapp_beta\crossapp\proj.win32\release.win32\neon_matrix_impl.obj
g:\crossapp_beta\crossapp\proj.win32\release.win32\mat4.obj
g:\crossapp_beta\crossapp\proj.win32\release.win32\mat3.obj
g:\crossapp_beta\crossapp\proj.win32\release.win32\aabb.obj
g:\crossapp_beta\crossapp\proj.win32\release.win32\cafpsimages.obj
g:\crossapp_beta\samples\demo\proj.win32\release.win32\libcrossapp.dll
g:\crossapp_beta\samples\demo\proj.win32\release.win32\libcrossapp.pdb
g:\crossapp_beta\samples\demo\proj.win32\release.win32\libcrossapp.lib
g:\crossapp_beta\samples\demo\proj.win32\release.win32\libcrossapp.exp
g:\crossapp_beta\crossapp\proj.win32\release.win32\libcrossapp.tlog\cl.read.1.tlog
g:\crossapp_beta\crossapp\proj.win32\release.win32\libcrossapp.tlog\cl.write.1.tlog
g:\crossapp_beta\crossapp\proj.win32\release.win32\libcrossapp.tlog\cl.command.1.tlog
g:\crossapp_beta\crossapp\proj.win32\release.win32\libcrossapp.tlog\link.read.1.tlog
g:\crossapp_beta\crossapp\proj.win32\release.win32\libcrossapp.tlog\link.write.1.tlog
g:\crossapp_beta\crossapp\proj.win32\release.win32\libcrossapp.tlog\link.command.1.tlog
g:\crossapp_beta\crossapp\proj.win32\release.win32\libcrossapp.tlog\libcrossapp.write.1u.tlog
