D:\CROSSAPP\CROSSAPP\PROJ.WIN32\DEBUG.WIN32\TINYXML2.OBJ
D:\CROSSAPP\CROSSAPP\PROJ.WIN32\DEBUG.WIN32\TRANSFORMUTILS.OBJ
D:\CROSSAPP\CROSSAPP\PROJ.WIN32\DEBUG.WIN32\CCCARRAY.OBJ
D:\CROSSAPP\CROSSAPP\PROJ.WIN32\DEBUG.WIN32\TGALIB.OBJ
D:\CROSSAPP\CROSSAPP\PROJ.WIN32\DEBUG.WIN32\CAUSERDEFAULT.OBJ
D:\CROSSAPP\CROSSAPP\PROJ.WIN32\DEBUG.WIN32\IOAPI.OBJ
D:\CROSSAPP\CROSSAPP\PROJ.WIN32\DEBUG.WIN32\UNZIP.OBJ
D:\CROSSAPP\CROSSAPP\PROJ.WIN32\DEBUG.WIN32\ZIPUTILS.OBJ
D:\CROSSAPP\CROSSAPP\PROJ.WIN32\DEBUG.WIN32\CAALERTVIEW.OBJ
D:\CROSSAPP\CROSSAPP\PROJ.WIN32\DEBUG.WIN32\CABATCHVIEW.OBJ
D:\CROSSAPP\CROSSAPP\PROJ.WIN32\DEBUG.WIN32\CACLIPPINGVIEW.OBJ
D:\CROSSAPP\CROSSAPP\PROJ.WIN32\DEBUG.WIN32\CACOLLECTIONVIEW.OBJ
D:\CROSSAPP\CROSSAPP\PROJ.WIN32\DEBUG.WIN32\CAIMAGEVIEW.OBJ
D:\CROSSAPP\CROSSAPP\PROJ.WIN32\DEBUG.WIN32\CALABEL.OBJ
D:\CROSSAPP\CROSSAPP\PROJ.WIN32\DEBUG.WIN32\CARENDERIMAGE.OBJ
D:\CROSSAPP\CROSSAPP\PROJ.WIN32\DEBUG.WIN32\CASCALE9IMAGEVIEW.OBJ
D:\CROSSAPP\CROSSAPP\PROJ.WIN32\DEBUG.WIN32\CASCROLLVIEW.OBJ
D:\CROSSAPP\CROSSAPP\PROJ.WIN32\DEBUG.WIN32\CATABLEVIEW.OBJ
D:\CROSSAPP\CROSSAPP\PROJ.WIN32\DEBUG.WIN32\CAVIEW.OBJ
D:\CROSSAPP\CROSSAPP\PROJ.WIN32\DEBUG.WIN32\CAWINDOW.OBJ
D:\CROSSAPP\CROSSAPP\PROJ.WIN32\DEBUG.WIN32\CCCOMMON.OBJ
D:\CROSSAPP\CROSSAPP\PROJ.WIN32\DEBUG.WIN32\CCDEVICE.OBJ
D:\CROSSAPP\CROSSAPP\PROJ.WIN32\DEBUG.WIN32\CCEGLVIEW.OBJ
D:\CROSSAPP\CROSSAPP\PROJ.WIN32\DEBUG.WIN32\CCFILEUTILSWIN32.OBJ
D:\CROSSAPP\CROSSAPP\PROJ.WIN32\DEBUG.WIN32\CCIMAGE.OBJ
D:\CROSSAPP\CROSSAPP\PROJ.WIN32\DEBUG.WIN32\CCSTDC.OBJ
D:\CROSSAPP\CROSSAPP\PROJ.WIN32\DEBUG.WIN32\CAGLPROGRAM.OBJ
D:\CROSSAPP\CROSSAPP\PROJ.WIN32\DEBUG.WIN32\CASHADERCACHE.OBJ
D:\CROSSAPP\CROSSAPP\PROJ.WIN32\DEBUG.WIN32\CATRANSFORMATION.OBJ
D:\CROSSAPP\CROSSAPP\PROJ.WIN32\DEBUG.WIN32\CCGLSTATECACHE.OBJ
D:\CROSSAPP\CROSSAPP\PROJ.WIN32\DEBUG.WIN32\CCSHADERS.OBJ
D:\CROSSAPP\CROSSAPP\PROJ.WIN32\DEBUG.WIN32\BASE64.OBJ
D:\CROSSAPP\CROSSAPP\PROJ.WIN32\DEBUG.WIN32\CANOTIFICATIONCENTER.OBJ
D:\CROSSAPP\CROSSAPP\PROJ.WIN32\DEBUG.WIN32\CCPOINTEXTENSION.OBJ
D:\CROSSAPP\CROSSAPP\PROJ.WIN32\DEBUG.WIN32\CCPROFILING.OBJ
D:\CROSSAPP\CROSSAPP\PROJ.WIN32\DEBUG.WIN32\CCUTF8.OBJ
D:\CROSSAPP\CROSSAPP\PROJ.WIN32\DEBUG.WIN32\CCUTILS.OBJ
D:\CROSSAPP\CROSSAPP\PROJ.WIN32\DEBUG.WIN32\CCVERTEX.OBJ
D:\CROSSAPP\CROSSAPP\PROJ.WIN32\DEBUG.WIN32\CONVERTUTF.OBJ
D:\CROSSAPP\CROSSAPP\PROJ.WIN32\DEBUG.WIN32\CONVERTUTFWRAPPER.OBJ
D:\CROSSAPP\CROSSAPP\PROJ.WIN32\DEBUG.WIN32\CCACTIONINSTANT.OBJ
D:\CROSSAPP\CROSSAPP\PROJ.WIN32\DEBUG.WIN32\CCACTIONINTERVAL.OBJ
D:\CROSSAPP\CROSSAPP\PROJ.WIN32\DEBUG.WIN32\CCACTIONMANAGER.OBJ
D:\CROSSAPP\CROSSAPP\PROJ.WIN32\DEBUG.WIN32\CCACTIONTWEEN.OBJ
D:\CROSSAPP\CROSSAPP\PROJ.WIN32\DEBUG.WIN32\CAANIMATION.OBJ
D:\CROSSAPP\CROSSAPP\PROJ.WIN32\DEBUG.WIN32\CAANIMATIONCACHE.OBJ
D:\CROSSAPP\CROSSAPP\PROJ.WIN32\DEBUG.WIN32\CAIMAGE.OBJ
D:\CROSSAPP\CROSSAPP\PROJ.WIN32\DEBUG.WIN32\CAIMAGECACHE.OBJ
D:\CROSSAPP\CROSSAPP\PROJ.WIN32\DEBUG.WIN32\CAIMAGEFRAME.OBJ
D:\CROSSAPP\CROSSAPP\PROJ.WIN32\DEBUG.WIN32\CAIMAGEFRAMECACHE.OBJ
D:\CROSSAPP\CROSSAPP\PROJ.WIN32\DEBUG.WIN32\CAFREETYPEFONT.OBJ
D:\CROSSAPP\CROSSAPP\PROJ.WIN32\DEBUG.WIN32\CCEGLVIEWPROTOCOL.OBJ
D:\CROSSAPP\CROSSAPP\PROJ.WIN32\DEBUG.WIN32\CCFILEUTILS.OBJ
D:\CROSSAPP\CROSSAPP\PROJ.WIN32\DEBUG.WIN32\CCIMAGECOMMONWEBP.OBJ
D:\CROSSAPP\CROSSAPP\PROJ.WIN32\DEBUG.WIN32\CCSAXPARSER.OBJ
D:\CROSSAPP\CROSSAPP\PROJ.WIN32\DEBUG.WIN32\CCTHREAD.OBJ
D:\CROSSAPP\CROSSAPP\PROJ.WIN32\DEBUG.WIN32\PLATFORM.OBJ
D:\CROSSAPP\CROSSAPP\PROJ.WIN32\DEBUG.WIN32\CADENSITYDPI.OBJ
D:\CROSSAPP\CROSSAPP\PROJ.WIN32\DEBUG.WIN32\CCACCELEROMETER.OBJ
D:\CROSSAPP\CROSSAPP\PROJ.WIN32\DEBUG.WIN32\CCAPPLICATION.OBJ
D:\CROSSAPP\CROSSAPP\PROJ.WIN32\DEBUG.WIN32\CABAR.OBJ
D:\CROSSAPP\CROSSAPP\PROJ.WIN32\DEBUG.WIN32\CABUTTON.OBJ
D:\CROSSAPP\CROSSAPP\PROJ.WIN32\DEBUG.WIN32\CACONTROL.OBJ
D:\CROSSAPP\CROSSAPP\PROJ.WIN32\DEBUG.WIN32\CADATESPINNER.OBJ
D:\CROSSAPP\CROSSAPP\PROJ.WIN32\DEBUG.WIN32\CAPROGRESS.OBJ
D:\CROSSAPP\CROSSAPP\PROJ.WIN32\DEBUG.WIN32\CASEGMENTEDCONTROL.OBJ
D:\CROSSAPP\CROSSAPP\PROJ.WIN32\DEBUG.WIN32\CASLIDER.OBJ
D:\CROSSAPP\CROSSAPP\PROJ.WIN32\DEBUG.WIN32\CASWITCH.OBJ
D:\CROSSAPP\CROSSAPP\PROJ.WIN32\DEBUG.WIN32\CATEXTFIELD.OBJ
D:\CROSSAPP\CROSSAPP\PROJ.WIN32\DEBUG.WIN32\CROSSAPP.OBJ
D:\CROSSAPP\CROSSAPP\PROJ.WIN32\DEBUG.WIN32\CAIMEDISPATCHER.OBJ
D:\CROSSAPP\CROSSAPP\PROJ.WIN32\DEBUG.WIN32\CAKEYPADDELEGATE.OBJ
D:\CROSSAPP\CROSSAPP\PROJ.WIN32\DEBUG.WIN32\CAKEYPADDISPATCHER.OBJ
D:\CROSSAPP\CROSSAPP\PROJ.WIN32\DEBUG.WIN32\CATOUCH.OBJ
D:\CROSSAPP\CROSSAPP\PROJ.WIN32\DEBUG.WIN32\CATOUCHDISPATCHER.OBJ
D:\CROSSAPP\CROSSAPP\PROJ.WIN32\DEBUG.WIN32\CCDRAWINGPRIMITIVES.OBJ
D:\CROSSAPP\CROSSAPP\PROJ.WIN32\DEBUG.WIN32\CCDRAWNODE.OBJ
D:\CROSSAPP\CROSSAPP\PROJ.WIN32\DEBUG.WIN32\CCACTION.OBJ
D:\CROSSAPP\CROSSAPP\PROJ.WIN32\DEBUG.WIN32\CCACTIONCAMERA.OBJ
D:\CROSSAPP\CROSSAPP\PROJ.WIN32\DEBUG.WIN32\CCACTIONEASE.OBJ
D:\CROSSAPP\CROSSAPP\PROJ.WIN32\DEBUG.WIN32\CAAPPLICATION.OBJ
D:\CROSSAPP\CROSSAPP\PROJ.WIN32\DEBUG.WIN32\CAAUTORELEASEPOOL.OBJ
D:\CROSSAPP\CROSSAPP\PROJ.WIN32\DEBUG.WIN32\CACAMERA.OBJ
D:\CROSSAPP\CROSSAPP\PROJ.WIN32\DEBUG.WIN32\CAGEOMETRY.OBJ
D:\CROSSAPP\CROSSAPP\PROJ.WIN32\DEBUG.WIN32\CAOBJECT.OBJ
D:\CROSSAPP\CROSSAPP\PROJ.WIN32\DEBUG.WIN32\CARESPONDER.OBJ
D:\CROSSAPP\CROSSAPP\PROJ.WIN32\DEBUG.WIN32\CASCHEDULER.OBJ
D:\CROSSAPP\CROSSAPP\PROJ.WIN32\DEBUG.WIN32\CASTLCONTAINER.OBJ
D:\CROSSAPP\CROSSAPP\PROJ.WIN32\DEBUG.WIN32\CCARRAY.OBJ
D:\CROSSAPP\CROSSAPP\PROJ.WIN32\DEBUG.WIN32\CCDICTIONARY.OBJ
D:\CROSSAPP\CROSSAPP\PROJ.WIN32\DEBUG.WIN32\CCNS.OBJ
D:\CROSSAPP\CROSSAPP\PROJ.WIN32\DEBUG.WIN32\CCSET.OBJ
D:\CROSSAPP\CROSSAPP\PROJ.WIN32\DEBUG.WIN32\CCSTRING.OBJ
D:\CROSSAPP\CROSSAPP\PROJ.WIN32\DEBUG.WIN32\CABARITEM.OBJ
D:\CROSSAPP\CROSSAPP\PROJ.WIN32\DEBUG.WIN32\CAVIEWCONTROLLER.OBJ
D:\CROSSAPP\CROSSAPP\PROJ.WIN32\DEBUG.WIN32\VC110.PDB
D:\CROSSAPP\CROSSAPP\PROJ.WIN32\DEBUG.WIN32\CAFPSIMAGES.OBJ
D:\CROSSAPP\CROSSAPP\PROJ.WIN32\DEBUG.WIN32\AABB.OBJ
D:\CROSSAPP\CROSSAPP\PROJ.WIN32\DEBUG.WIN32\MAT3.OBJ
D:\CROSSAPP\CROSSAPP\PROJ.WIN32\DEBUG.WIN32\MAT4.OBJ
D:\CROSSAPP\CROSSAPP\PROJ.WIN32\DEBUG.WIN32\NEON_MATRIX_IMPL.OBJ
D:\CROSSAPP\CROSSAPP\PROJ.WIN32\DEBUG.WIN32\PLANE.OBJ
D:\CROSSAPP\CROSSAPP\PROJ.WIN32\DEBUG.WIN32\QUATERNION.OBJ
D:\CROSSAPP\CROSSAPP\PROJ.WIN32\DEBUG.WIN32\RAY2.OBJ
D:\CROSSAPP\CROSSAPP\PROJ.WIN32\DEBUG.WIN32\UTILITY.OBJ
D:\CROSSAPP\CROSSAPP\PROJ.WIN32\DEBUG.WIN32\VEC2.OBJ
D:\CROSSAPP\CROSSAPP\PROJ.WIN32\DEBUG.WIN32\VEC3.OBJ
D:\CROSSAPP\CROSSAPP\PROJ.WIN32\DEBUG.WIN32\VEC4.OBJ
D:\CROSSAPP\CROSSAPP\PROJ.WIN32\DEBUG.WIN32\MAT4STACK.OBJ
D:\CROSSAPP\CROSSAPP\PROJ.WIN32\DEBUG.WIN32\MATRIX.OBJ
D:\CROSSAPP\CROSSAPP\PROJ.WIN32\DEBUG.WIN32\CAINDEXPATH.OBJ
D:\CrossApp\projects\Book9s\proj.win32\Debug.win32\libCrossApp.lib
D:\CrossApp\projects\Book9s\proj.win32\Debug.win32\libCrossApp.exp
D:\CrossApp\samples\demo\proj.win32\Debug.win32\libCrossApp.lib
D:\CrossApp\samples\demo\proj.win32\Debug.win32\libCrossApp.exp
D:\CROSSAPP\PROJECTS\BOOK9S\PROJ.WIN32\DEBUG.WIN32\LIBCROSSAPP.DLL
D:\CROSSAPP\PROJECTS\BOOK9S\PROJ.WIN32\DEBUG.WIN32\LIBCROSSAPP.PDB
D:\CrossApp\CrossApp\proj.win32\Debug.win32\aabb.obj
D:\CrossApp\CrossApp\proj.win32\Debug.win32\base64.obj
D:\CrossApp\CrossApp\proj.win32\Debug.win32\CAAlertView.obj
D:\CrossApp\CrossApp\proj.win32\Debug.win32\CAAnimation.obj
D:\CrossApp\CrossApp\proj.win32\Debug.win32\CAAnimationCache.obj
D:\CrossApp\CrossApp\proj.win32\Debug.win32\CAApplication.obj
D:\CrossApp\CrossApp\proj.win32\Debug.win32\CAAutoreleasePool.obj
D:\CrossApp\CrossApp\proj.win32\Debug.win32\CABar.obj
D:\CrossApp\CrossApp\proj.win32\Debug.win32\CABarItem.obj
D:\CrossApp\CrossApp\proj.win32\Debug.win32\CABatchView.obj
D:\CrossApp\CrossApp\proj.win32\Debug.win32\CAButton.obj
D:\CrossApp\CrossApp\proj.win32\Debug.win32\CACamera.obj
D:\CrossApp\CrossApp\proj.win32\Debug.win32\CAClippingView.obj
D:\CrossApp\CrossApp\proj.win32\Debug.win32\CACollectionView.obj
D:\CrossApp\CrossApp\proj.win32\Debug.win32\CAControl.obj
D:\CrossApp\CrossApp\proj.win32\Debug.win32\CADateSpinner.obj
D:\CrossApp\CrossApp\proj.win32\Debug.win32\CADensityDpi.obj
D:\CrossApp\CrossApp\proj.win32\Debug.win32\CAFPSImages.obj
D:\CrossApp\CrossApp\proj.win32\Debug.win32\CAFreeTypeFont.obj
D:\CrossApp\CrossApp\proj.win32\Debug.win32\CAGeometry.obj
D:\CrossApp\CrossApp\proj.win32\Debug.win32\CAGLProgram.obj
D:\CrossApp\CrossApp\proj.win32\Debug.win32\CAImage.obj
D:\CrossApp\CrossApp\proj.win32\Debug.win32\CAImageCache.obj
D:\CrossApp\CrossApp\proj.win32\Debug.win32\CAImageFrame.obj
D:\CrossApp\CrossApp\proj.win32\Debug.win32\CAImageFrameCache.obj
D:\CrossApp\CrossApp\proj.win32\Debug.win32\CAImageView.obj
D:\CrossApp\CrossApp\proj.win32\Debug.win32\CAIMEDispatcher.obj
D:\CrossApp\CrossApp\proj.win32\Debug.win32\CAIndexPath.obj
D:\CrossApp\CrossApp\proj.win32\Debug.win32\CAKeypadDelegate.obj
D:\CrossApp\CrossApp\proj.win32\Debug.win32\CAKeypadDispatcher.obj
D:\CrossApp\CrossApp\proj.win32\Debug.win32\CALabel.obj
D:\CrossApp\CrossApp\proj.win32\Debug.win32\CANotificationCenter.obj
D:\CrossApp\CrossApp\proj.win32\Debug.win32\CAObject.obj
D:\CrossApp\CrossApp\proj.win32\Debug.win32\CAProgress.obj
D:\CrossApp\CrossApp\proj.win32\Debug.win32\CARenderImage.obj
D:\CrossApp\CrossApp\proj.win32\Debug.win32\CAResponder.obj
D:\CrossApp\CrossApp\proj.win32\Debug.win32\CAScale9ImageView.obj
D:\CrossApp\CrossApp\proj.win32\Debug.win32\CAScheduler.obj
D:\CrossApp\CrossApp\proj.win32\Debug.win32\CAScrollView.obj
D:\CrossApp\CrossApp\proj.win32\Debug.win32\CASegmentedControl.obj
D:\CrossApp\CrossApp\proj.win32\Debug.win32\CAShaderCache.obj
D:\CrossApp\CrossApp\proj.win32\Debug.win32\CASlider.obj
D:\CrossApp\CrossApp\proj.win32\Debug.win32\CASTLContainer.obj
D:\CrossApp\CrossApp\proj.win32\Debug.win32\CASwitch.obj
D:\CrossApp\CrossApp\proj.win32\Debug.win32\CATableView.obj
D:\CrossApp\CrossApp\proj.win32\Debug.win32\CATextField.obj
D:\CrossApp\CrossApp\proj.win32\Debug.win32\CATouch.obj
D:\CrossApp\CrossApp\proj.win32\Debug.win32\CATouchDispatcher.obj
D:\CrossApp\CrossApp\proj.win32\Debug.win32\CAtransformation.obj
D:\CrossApp\CrossApp\proj.win32\Debug.win32\CAUserDefault.obj
D:\CrossApp\CrossApp\proj.win32\Debug.win32\CAView.obj
D:\CrossApp\CrossApp\proj.win32\Debug.win32\CAViewController.obj
D:\CrossApp\CrossApp\proj.win32\Debug.win32\CAWindow.obj
D:\CrossApp\CrossApp\proj.win32\Debug.win32\CCAccelerometer.obj
D:\CrossApp\CrossApp\proj.win32\Debug.win32\CCAction.obj
D:\CrossApp\CrossApp\proj.win32\Debug.win32\CCActionCamera.obj
D:\CrossApp\CrossApp\proj.win32\Debug.win32\CCActionEase.obj
D:\CrossApp\CrossApp\proj.win32\Debug.win32\CCActionInstant.obj
D:\CrossApp\CrossApp\proj.win32\Debug.win32\CCActionInterval.obj
D:\CrossApp\CrossApp\proj.win32\Debug.win32\CCActionManager.obj
D:\CrossApp\CrossApp\proj.win32\Debug.win32\CCActionTween.obj
D:\CrossApp\CrossApp\proj.win32\Debug.win32\CCApplication.obj
D:\CrossApp\CrossApp\proj.win32\Debug.win32\CCArray.obj
D:\CrossApp\CrossApp\proj.win32\Debug.win32\ccCArray.obj
D:\CrossApp\CrossApp\proj.win32\Debug.win32\CCCommon.obj
D:\CrossApp\CrossApp\proj.win32\Debug.win32\CCDevice.obj
D:\CrossApp\CrossApp\proj.win32\Debug.win32\CCDictionary.obj
D:\CrossApp\CrossApp\proj.win32\Debug.win32\CCDrawingPrimitives.obj
D:\CrossApp\CrossApp\proj.win32\Debug.win32\CCDrawNode.obj
D:\CrossApp\CrossApp\proj.win32\Debug.win32\CCEGLView.obj
D:\CrossApp\CrossApp\proj.win32\Debug.win32\CCEGLViewProtocol.obj
D:\CrossApp\CrossApp\proj.win32\Debug.win32\CCFileUtils.obj
D:\CrossApp\CrossApp\proj.win32\Debug.win32\CCFileUtilsWin32.obj
D:\CrossApp\CrossApp\proj.win32\Debug.win32\ccGLStateCache.obj
D:\CrossApp\CrossApp\proj.win32\Debug.win32\CCImage.obj
D:\CrossApp\CrossApp\proj.win32\Debug.win32\CCImageCommonWebp.obj
D:\CrossApp\CrossApp\proj.win32\Debug.win32\CCNS.obj
D:\CrossApp\CrossApp\proj.win32\Debug.win32\CCPointExtension.obj
D:\CrossApp\CrossApp\proj.win32\Debug.win32\CCProfiling.obj
D:\CrossApp\CrossApp\proj.win32\Debug.win32\CCSAXParser.obj
D:\CrossApp\CrossApp\proj.win32\Debug.win32\CCSet.obj
D:\CrossApp\CrossApp\proj.win32\Debug.win32\ccShaders.obj
D:\CrossApp\CrossApp\proj.win32\Debug.win32\CCStdC.obj
D:\CrossApp\CrossApp\proj.win32\Debug.win32\CCString.obj
D:\CrossApp\CrossApp\proj.win32\Debug.win32\CCThread.obj
D:\CrossApp\CrossApp\proj.win32\Debug.win32\ccUTF8.obj
D:\CrossApp\CrossApp\proj.win32\Debug.win32\ccUtils.obj
D:\CrossApp\CrossApp\proj.win32\Debug.win32\CCVertex.obj
D:\CrossApp\CrossApp\proj.win32\Debug.win32\ConvertUTF.obj
D:\CrossApp\CrossApp\proj.win32\Debug.win32\ConvertUTFWrapper.obj
D:\CrossApp\CrossApp\proj.win32\Debug.win32\CrossApp.obj
D:\CrossApp\CrossApp\proj.win32\Debug.win32\ioapi.obj
D:\CrossApp\CrossApp\proj.win32\Debug.win32\mat3.obj
D:\CrossApp\CrossApp\proj.win32\Debug.win32\mat4.obj
D:\CrossApp\CrossApp\proj.win32\Debug.win32\mat4stack.obj
D:\CrossApp\CrossApp\proj.win32\Debug.win32\matrix.obj
D:\CrossApp\CrossApp\proj.win32\Debug.win32\neon_matrix_impl.obj
D:\CrossApp\CrossApp\proj.win32\Debug.win32\plane.obj
D:\CrossApp\CrossApp\proj.win32\Debug.win32\platform.obj
D:\CrossApp\CrossApp\proj.win32\Debug.win32\quaternion.obj
D:\CrossApp\CrossApp\proj.win32\Debug.win32\ray2.obj
D:\CrossApp\CrossApp\proj.win32\Debug.win32\TGAlib.obj
D:\CrossApp\CrossApp\proj.win32\Debug.win32\tinyxml2.obj
D:\CrossApp\CrossApp\proj.win32\Debug.win32\TransformUtils.obj
D:\CrossApp\CrossApp\proj.win32\Debug.win32\unzip.obj
D:\CrossApp\CrossApp\proj.win32\Debug.win32\utility.obj
D:\CrossApp\CrossApp\proj.win32\Debug.win32\vec2.obj
D:\CrossApp\CrossApp\proj.win32\Debug.win32\vec3.obj
D:\CrossApp\CrossApp\proj.win32\Debug.win32\vec4.obj
D:\CrossApp\CrossApp\proj.win32\Debug.win32\ZipUtils.obj
D:\CrossApp\CrossApp\proj.win32\Debug.win32\cl.command.1.tlog
D:\CrossApp\CrossApp\proj.win32\Debug.win32\CL.read.1.tlog
D:\CrossApp\CrossApp\proj.win32\Debug.win32\CL.write.1.tlog
D:\CrossApp\CrossApp\proj.win32\Debug.win32\libCrossApp.write.1.tlog
D:\CrossApp\CrossApp\proj.win32\Debug.win32\link-cvtres.read.1.tlog
D:\CrossApp\CrossApp\proj.win32\Debug.win32\link-cvtres.write.1.tlog
D:\CrossApp\CrossApp\proj.win32\Debug.win32\link-rc.read.1.tlog
D:\CrossApp\CrossApp\proj.win32\Debug.win32\link-rc.write.1.tlog
D:\CrossApp\CrossApp\proj.win32\Debug.win32\link.command.1.tlog
D:\CrossApp\CrossApp\proj.win32\Debug.win32\link.read.1.tlog
D:\CrossApp\CrossApp\proj.win32\Debug.win32\link.write.1.tlog
D:\CrossApp\CrossApp\proj.win32\Debug.win32\vc110.idb
D:\CrossApp\CrossApp\proj.win32\Debug.win32\vc110.pdb
D:\CrossApp\projects\Book9s\proj.win32\Debug.win32\libCrossApp.pdb
D:\CrossApp\projects\Book9s\proj.win32\Debug.win32\libCrossApp.dll
