g:\crossapp_beta\extensions\proj.win32\release.win32\vc120.pdb
g:\crossapp_beta\extensions\proj.win32\release.win32\calocationmanager.obj
g:\crossapp_beta\extensions\proj.win32\release.win32\camediamanager.obj
g:\crossapp_beta\extensions\proj.win32\release.win32\caaddressmanager.obj
g:\crossapp_beta\extensions\proj.win32\release.win32\websocket.obj
g:\crossapp_beta\extensions\proj.win32\release.win32\httpclient.obj
g:\crossapp_beta\extensions\proj.win32\release.win32\localstorage.obj
g:\crossapp_beta\extensions\proj.win32\release.win32\json_writer.obj
g:\crossapp_beta\extensions\proj.win32\release.win32\json_value.obj
g:\crossapp_beta\extensions\proj.win32\release.win32\json_reader.obj
g:\crossapp_beta\extensions\proj.win32\release.win32\dictionaryhelper.obj
g:\crossapp_beta\extensions\proj.win32\release.win32\cscontentjsondictionary.obj
g:\crossapp_beta\extensions\proj.win32\release.win32\cauihelper.obj
g:\crossapp_beta\extensions\proj.win32\release.win32\assetsmanager.obj
g:\crossapp_beta\samples\demo\proj.win32\release.win32\libextensions.lib
g:\crossapp_beta\extensions\proj.win32\release.win32\libextensions.tlog\cl.read.1.tlog
g:\crossapp_beta\extensions\proj.win32\release.win32\libextensions.tlog\cl.write.1.tlog
g:\crossapp_beta\extensions\proj.win32\release.win32\libextensions.tlog\cl.command.1.tlog
g:\crossapp_beta\extensions\proj.win32\release.win32\libextensions.tlog\lib-link.read.1.tlog
g:\crossapp_beta\extensions\proj.win32\release.win32\libextensions.tlog\lib-link.write.1.tlog
g:\crossapp_beta\extensions\proj.win32\release.win32\libextensions.tlog\lib.command.1.tlog
