生成启动时间为 2014/8/6 9:38:33。
     1>项目“D:\CrossApp\projects\Book9s\proj.win32\HelloCpp.vcxproj”在节点 2 上(Build 个目标)。
       项目文件包含 ToolsVersion="12.0"。此工具集可能未知或缺失。在这种情况下，通过安装 MSBuild 的正确版本，或许可以解决此问题。否则，该 build 可能已因策略原因而被强制为某个特定 ToolsVersion。将该项目视为其已具有 ToolsVersion="4.0"。有关详细信息，请参阅 http://go.microsoft.com/fwlink/?LinkId=291333。
     1>项目“D:\CrossApp\projects\Book9s\proj.win32\HelloCpp.vcxproj”(1)正在节点 2 上生成“D:\CrossApp\extensions\proj.win32\libExtensions.vcxproj”(3) (GetTargetPath 个目标)。
       项目文件包含 ToolsVersion="12.0"。此工具集可能未知或缺失。在这种情况下，通过安装 MSBuild 的正确版本，或许可以解决此问题。否则，该 build 可能已因策略原因而被强制为某个特定 ToolsVersion。将该项目视为其已具有 ToolsVersion="4.0"。有关详细信息，请参阅 http://go.microsoft.com/fwlink/?LinkId=291333。
     3>已完成生成项目“D:\CrossApp\extensions\proj.win32\libExtensions.vcxproj”(GetTargetPath 个目标)的操作。
     1>项目“D:\CrossApp\projects\Book9s\proj.win32\HelloCpp.vcxproj”(1)正在节点 2 上生成“D:\CrossApp\extensions\proj.win32\libExtensions.vcxproj”(3:2) (GetNativeManifest 个目标)。
       项目文件包含 ToolsVersion="12.0"。此工具集可能未知或缺失。在这种情况下，通过安装 MSBuild 的正确版本，或许可以解决此问题。否则，该 build 可能已因策略原因而被强制为某个特定 ToolsVersion。将该项目视为其已具有 ToolsVersion="4.0"。有关详细信息，请参阅 http://go.microsoft.com/fwlink/?LinkId=291333。
     3>已完成生成项目“D:\CrossApp\extensions\proj.win32\libExtensions.vcxproj”(GetNativeManifest 个目标)的操作。
     1>ClCompile:
         C:\Program Files (x86)\Microsoft Visual Studio 11.0\VC\bin\CL.exe /c /ID:\CrossApp\projects\Book9s\proj.win32\..\..\..\CrossApp /ID:\CrossApp\projects\Book9s\proj.win32\..\..\..\CrossApp\kazmath\include /ID:\CrossApp\projects\Book9s\proj.win32\..\..\..\CrossApp\platform\win32 /ID:\CrossApp\projects\Book9s\proj.win32\..\..\..\CrossApp\platform\third_party\win32 /ID:\CrossApp\projects\Book9s\proj.win32\..\..\..\CrossApp\platform\third_party\win32\OGLES /ID:\CrossApp\projects\Book9s\proj.win32\..\..\..\external /ID:\CrossApp\projects\Book9s\proj.win32\..\..\..\CocosDenshion\include /ID:\CrossApp\projects\Book9s\proj.win32\..\..\..\extensions /I..\Classes /I.. /ZI /nologo /W3 /WX- /Od /Oy- /D WIN32 /D _DEBUG /D _WINDOWS /D _USE_MATH_DEFINES /D GL_GLEXT_PROTOTYPES /D CC_ENABLE_CHIPMUNK_INTEGRATION=1 /D COCOS2D_DEBUG=1 /D _CRT_SECURE_NO_WARNINGS /D _SCL_SECURE_NO_WARNINGS /D _UNICODE /D UNICODE /Gm /EHsc /RTC1 /MDd /GS /fp:precise /Zc:wchar_t /Zc:forScope /Fo"Debug.win32\\" /Fd"Debug.win32\vc110.pdb" /Gd /TP /wd4267 /wd4251 /wd4244 /analyze- /errorReport:prompt ..\Classes\PageReader.cpp
         PageReader.cpp
     1>d:\crossapp\crossapp\basics\caindexpath.h : warning C4819: 该文件包含不能在当前代码页(936)中表示的字符。请将该文件保存为 Unicode 格式以防止数据丢失
     1>d:\crossapp\crossapp\control\casegmentedcontrol.h : warning C4819: 该文件包含不能在当前代码页(936)中表示的字符。请将该文件保存为 Unicode 格式以防止数据丢失
     1>d:\crossapp\crossapp\control\caslider.h : warning C4819: 该文件包含不能在当前代码页(936)中表示的字符。请将该文件保存为 Unicode 格式以防止数据丢失
     1>d:\crossapp\crossapp\controller\caviewcontroller.h : warning C4819: 该文件包含不能在当前代码页(936)中表示的字符。请将该文件保存为 Unicode 格式以防止数据丢失
     1>d:\crossapp\crossapp\controller\caviewcontroller.h(33): warning C4275: 非 dll 接口 class“CrossApp::CAViewDelegate”用作 dll 接口 class“CrossApp::CAViewController”的基
                 d:\crossapp\crossapp\view\caview.h(487) : 参见“CrossApp::CAViewDelegate”的声明
                 d:\crossapp\crossapp\controller\caviewcontroller.h(31) : 参见“CrossApp::CAViewController”的声明
     1>d:\crossapp\crossapp\view\caalertview.h(38): warning C4275: 非 dll 接口 class“CrossApp::CATableViewDataSource”用作 dll 接口 class“CrossApp::CAAlertView”的基
                 d:\crossapp\crossapp\view\catableview.h(48) : 参见“CrossApp::CATableViewDataSource”的声明
                 d:\crossapp\crossapp\view\caalertview.h(36) : 参见“CrossApp::CAAlertView”的声明
     1>d:\crossapp\crossapp\view\caalertview.h(39): warning C4275: 非 dll 接口 class“CrossApp::CATableViewDelegate”用作 dll 接口 class“CrossApp::CAAlertView”的基
                 d:\crossapp\crossapp\view\catableview.h(33) : 参见“CrossApp::CATableViewDelegate”的声明
                 d:\crossapp\crossapp\view\caalertview.h(36) : 参见“CrossApp::CAAlertView”的声明
     1>d:\crossapp\projects\book9s\classes\bookdb.h(179): warning C4018: “<”: 有符号/无符号不匹配
     1>d:\crossapp\projects\book9s\classes\utf8.h(210): warning C4018: “<”: 有符号/无符号不匹配
     1>d:\crossapp\projects\book9s\classes\pagemenu.h(40): warning C4996: 'CrossApp::CATableViewDelegate::tableViewDidShowPullDownView': 被声明为已否决
                 d:\crossapp\crossapp\view\catableview.h(42) : 参见“CrossApp::CATableViewDelegate::tableViewDidShowPullDownView”的声明
     1>d:\crossapp\projects\book9s\classes\pagemenu.h(40): warning C4996: 'CrossApp::CATableViewDelegate::tableViewDidShowPullUpView': 被声明为已否决
                 d:\crossapp\crossapp\view\catableview.h(44) : 参见“CrossApp::CATableViewDelegate::tableViewDidShowPullUpView”的声明
     1>d:\crossapp\projects\book9s\classes\pagereader.cpp(81): warning C4018: “<”: 有符号/无符号不匹配
     1>项目“D:\CrossApp\projects\Book9s\proj.win32\HelloCpp.vcxproj”(1)正在节点 2 上生成“D:\CrossApp\extensions\proj.win32\libExtensions.vcxproj”(3:3) (GetResolvedLinkLibs 个目标)。
       项目文件包含 ToolsVersion="12.0"。此工具集可能未知或缺失。在这种情况下，通过安装 MSBuild 的正确版本，或许可以解决此问题。否则，该 build 可能已因策略原因而被强制为某个特定 ToolsVersion。将该项目视为其已具有 ToolsVersion="4.0"。有关详细信息，请参阅 http://go.microsoft.com/fwlink/?LinkId=291333。
     3>已完成生成项目“D:\CrossApp\extensions\proj.win32\libExtensions.vcxproj”(GetResolvedLinkLibs 个目标)的操作。
     1>PreLinkEvent:
         if not exist "D:\CrossApp\projects\Book9s\proj.win32\Debug.win32\" mkdir "D:\CrossApp\projects\Book9s\proj.win32\Debug.win32\"
         xcopy /Y /Q "D:\CrossApp\projects\Book9s\proj.win32\..\..\..\external\libwebsockets\win32\lib\*.*" "D:\CrossApp\projects\Book9s\proj.win32\Debug.win32\"
         :VCEnd
         复制了 2 个文件
       Link:
         C:\Program Files (x86)\Microsoft Visual Studio 11.0\VC\bin\link.exe /ERRORREPORT:PROMPT /OUT:"D:\CrossApp\projects\Book9s\proj.win32\Debug.win32\HelloCpp.exe" /INCREMENTAL /NOLOGO /LIBPATH:D:\CrossApp\projects\Book9s\proj.win32\Debug.win32\ libExtensions.lib libCrossApp.lib libCocosDenshion.lib opengl32.lib glew32.lib libcurl_imp.lib pthreadVCE2.lib websockets.lib kernel32.lib user32.lib gdi32.lib winspool.lib comdlg32.lib advapi32.lib shell32.lib ole32.lib oleaut32.lib uuid.lib odbc32.lib odbccp32.lib /MANIFEST /MANIFESTUAC:"level='asInvoker' uiAccess='false'" /manifest:embed /DEBUG /PDB:"D:\CrossApp\projects\Book9s\proj.win32\Debug.win32\HelloCpp.pdb" /SUBSYSTEM:WINDOWS /TLBID:1 /DYNAMICBASE /NXCOMPAT /IMPLIB:"D:\CrossApp\projects\Book9s\proj.win32\Debug.win32\HelloCpp.lib" /MACHINE:X86 /SAFESEH Debug.win32\adView.obj
         Debug.win32\AppDelegate.obj
         Debug.win32\BookDB.obj
         Debug.win32\BookIcon.obj
         Debug.win32\MenuCell.obj
         Debug.win32\PageBase.obj
         Debug.win32\PageBookInfo.obj
         Debug.win32\PageBookStorage.obj
         Debug.win32\PageHome.obj
         Debug.win32\PageManager.obj
         Debug.win32\PageMenu.obj
         Debug.win32\PageRank.obj
         Debug.win32\PageReader.obj
         Debug.win32\PageSearch.obj
         Debug.win32\PageSetting.obj
         Debug.win32\sqlite3.obj
         Debug.win32\utf8.obj
         Debug.win32\ViewController.obj
         Debug.win32\main.obj
         D:\CrossApp\projects\Book9s\proj.win32\Debug.win32\libCocosDenshion.lib
         D:\CrossApp\projects\Book9s\proj.win32\Debug.win32\libCrossApp.lib
         D:\CrossApp\projects\Book9s\proj.win32\Debug.win32\libExtensions.lib
         HelloCpp.vcxproj -> D:\CrossApp\projects\Book9s\proj.win32\Debug.win32\HelloCpp.exe
     1>已完成生成项目“D:\CrossApp\projects\Book9s\proj.win32\HelloCpp.vcxproj”(Build 个目标)的操作。

生成成功。

已用时间 00:00:08.92
