D:\CROSSAPP\PROJECTS\BOOK9S\PROJ.WIN32\DEBUG.WIN32\ADVIEW.OBJ
D:\CROSSAPP\PROJECTS\BOOK9S\PROJ.WIN32\DEBUG.WIN32\APPDELEGATE.OBJ
D:\CROSSAPP\PROJECTS\BOOK9S\PROJ.WIN32\DEBUG.WIN32\BOOKDB.OBJ
D:\CROSSAPP\PROJECTS\BOOK9S\PROJ.WIN32\DEBUG.WIN32\BOOKICON.OBJ
D:\CROSSAPP\PROJECTS\BOOK9S\PROJ.WIN32\DEBUG.WIN32\MENUCELL.OBJ
D:\CROSSAPP\PROJECTS\BOOK9S\PROJ.WIN32\DEBUG.WIN32\PAGEBASE.OBJ
D:\CROSSAPP\PROJECTS\BOOK9S\PROJ.WIN32\DEBUG.WIN32\PAGEBOOKINFO.OBJ
D:\CROSSAPP\PROJECTS\BOOK9S\PROJ.WIN32\DEBUG.WIN32\PAGEBOOKSTORAGE.OBJ
D:\CROSSAPP\PROJECTS\BOOK9S\PROJ.WIN32\DEBUG.WIN32\PAGEHOME.OBJ
D:\CROSSAPP\PROJECTS\BOOK9S\PROJ.WIN32\DEBUG.WIN32\PAGEMANAGER.OBJ
D:\CROSSAPP\PROJECTS\BOOK9S\PROJ.WIN32\DEBUG.WIN32\PAGEMENU.OBJ
D:\CROSSAPP\PROJECTS\BOOK9S\PROJ.WIN32\DEBUG.WIN32\PAGERANK.OBJ
D:\CROSSAPP\PROJECTS\BOOK9S\PROJ.WIN32\DEBUG.WIN32\PAGEREADER.OBJ
D:\CROSSAPP\PROJECTS\BOOK9S\PROJ.WIN32\DEBUG.WIN32\PAGESEARCH.OBJ
D:\CROSSAPP\PROJECTS\BOOK9S\PROJ.WIN32\DEBUG.WIN32\PAGESETTING.OBJ
D:\CROSSAPP\PROJECTS\BOOK9S\PROJ.WIN32\DEBUG.WIN32\UTF8.OBJ
D:\CROSSAPP\PROJECTS\BOOK9S\PROJ.WIN32\DEBUG.WIN32\VIEWCONTROLLER.OBJ
D:\CROSSAPP\PROJECTS\BOOK9S\PROJ.WIN32\DEBUG.WIN32\MAIN.OBJ
D:\CROSSAPP\PROJECTS\BOOK9S\PROJ.WIN32\DEBUG.WIN32\VC110.PDB
D:\CROSSAPP\PROJECTS\BOOK9S\PROJ.WIN32\DEBUG.WIN32\SQLITE3.OBJ
D:\CrossApp\projects\Book9s\proj.win32\Debug.win32\HelloCpp.vcxprojResolveAssemblyReference.cache
D:\CrossApp\projects\Book9s\proj.win32\Debug.win32\adView.obj
D:\CrossApp\projects\Book9s\proj.win32\Debug.win32\AppDelegate.obj
D:\CrossApp\projects\Book9s\proj.win32\Debug.win32\BookDB.obj
D:\CrossApp\projects\Book9s\proj.win32\Debug.win32\BookIcon.obj
D:\CrossApp\projects\Book9s\proj.win32\Debug.win32\main.obj
D:\CrossApp\projects\Book9s\proj.win32\Debug.win32\MenuCell.obj
D:\CrossApp\projects\Book9s\proj.win32\Debug.win32\PageBase.obj
D:\CrossApp\projects\Book9s\proj.win32\Debug.win32\PageBookInfo.obj
D:\CrossApp\projects\Book9s\proj.win32\Debug.win32\PageBookStorage.obj
D:\CrossApp\projects\Book9s\proj.win32\Debug.win32\PageHome.obj
D:\CrossApp\projects\Book9s\proj.win32\Debug.win32\PageManager.obj
D:\CrossApp\projects\Book9s\proj.win32\Debug.win32\PageMenu.obj
D:\CrossApp\projects\Book9s\proj.win32\Debug.win32\PageRank.obj
D:\CrossApp\projects\Book9s\proj.win32\Debug.win32\PageReader.obj
D:\CrossApp\projects\Book9s\proj.win32\Debug.win32\PageSearch.obj
D:\CrossApp\projects\Book9s\proj.win32\Debug.win32\PageSetting.obj
D:\CrossApp\projects\Book9s\proj.win32\Debug.win32\sqlite3.obj
D:\CrossApp\projects\Book9s\proj.win32\Debug.win32\utf8.obj
D:\CrossApp\projects\Book9s\proj.win32\Debug.win32\ViewController.obj
D:\CrossApp\projects\Book9s\proj.win32\Debug.win32\cl.command.1.tlog
D:\CrossApp\projects\Book9s\proj.win32\Debug.win32\CL.read.1.tlog
D:\CrossApp\projects\Book9s\proj.win32\Debug.win32\CL.write.1.tlog
D:\CrossApp\projects\Book9s\proj.win32\Debug.win32\link-cvtres.read.1.tlog
D:\CrossApp\projects\Book9s\proj.win32\Debug.win32\link-cvtres.write.1.tlog
D:\CrossApp\projects\Book9s\proj.win32\Debug.win32\link-rc.read.1.tlog
D:\CrossApp\projects\Book9s\proj.win32\Debug.win32\link-rc.write.1.tlog
D:\CrossApp\projects\Book9s\proj.win32\Debug.win32\link.2452-cvtres.read.1.tlog
D:\CrossApp\projects\Book9s\proj.win32\Debug.win32\link.2452-cvtres.write.1.tlog
D:\CrossApp\projects\Book9s\proj.win32\Debug.win32\link.2452-rc.read.1.tlog
D:\CrossApp\projects\Book9s\proj.win32\Debug.win32\link.2452-rc.write.1.tlog
D:\CrossApp\projects\Book9s\proj.win32\Debug.win32\link.2452.read.1.tlog
D:\CrossApp\projects\Book9s\proj.win32\Debug.win32\link.2452.write.1.tlog
D:\CrossApp\projects\Book9s\proj.win32\Debug.win32\link.3780-cvtres.read.1.tlog
D:\CrossApp\projects\Book9s\proj.win32\Debug.win32\link.3780-cvtres.write.1.tlog
D:\CrossApp\projects\Book9s\proj.win32\Debug.win32\link.3780-rc.read.1.tlog
D:\CrossApp\projects\Book9s\proj.win32\Debug.win32\link.3780-rc.write.1.tlog
D:\CrossApp\projects\Book9s\proj.win32\Debug.win32\link.3780.read.1.tlog
D:\CrossApp\projects\Book9s\proj.win32\Debug.win32\link.3780.write.1.tlog
D:\CrossApp\projects\Book9s\proj.win32\Debug.win32\link.5388-cvtres.read.1.tlog
D:\CrossApp\projects\Book9s\proj.win32\Debug.win32\link.5388-cvtres.write.1.tlog
D:\CrossApp\projects\Book9s\proj.win32\Debug.win32\link.5388-rc.read.1.tlog
D:\CrossApp\projects\Book9s\proj.win32\Debug.win32\link.5388-rc.write.1.tlog
D:\CrossApp\projects\Book9s\proj.win32\Debug.win32\link.5388.read.1.tlog
D:\CrossApp\projects\Book9s\proj.win32\Debug.win32\link.5388.write.1.tlog
D:\CrossApp\projects\Book9s\proj.win32\Debug.win32\link.6324-cvtres.read.1.tlog
D:\CrossApp\projects\Book9s\proj.win32\Debug.win32\link.6324-cvtres.write.1.tlog
D:\CrossApp\projects\Book9s\proj.win32\Debug.win32\link.6324-rc.read.1.tlog
D:\CrossApp\projects\Book9s\proj.win32\Debug.win32\link.6324-rc.write.1.tlog
D:\CrossApp\projects\Book9s\proj.win32\Debug.win32\link.6324.read.1.tlog
D:\CrossApp\projects\Book9s\proj.win32\Debug.win32\link.6324.write.1.tlog
D:\CrossApp\projects\Book9s\proj.win32\Debug.win32\link.6352-cvtres.read.1.tlog
D:\CrossApp\projects\Book9s\proj.win32\Debug.win32\link.6352-cvtres.write.1.tlog
D:\CrossApp\projects\Book9s\proj.win32\Debug.win32\link.6352-rc.read.1.tlog
D:\CrossApp\projects\Book9s\proj.win32\Debug.win32\link.6352-rc.write.1.tlog
D:\CrossApp\projects\Book9s\proj.win32\Debug.win32\link.6352.read.1.tlog
D:\CrossApp\projects\Book9s\proj.win32\Debug.win32\link.6352.write.1.tlog
D:\CrossApp\projects\Book9s\proj.win32\Debug.win32\link.7524-cvtres.read.1.tlog
D:\CrossApp\projects\Book9s\proj.win32\Debug.win32\link.7524-cvtres.write.1.tlog
D:\CrossApp\projects\Book9s\proj.win32\Debug.win32\link.7524-rc.read.1.tlog
D:\CrossApp\projects\Book9s\proj.win32\Debug.win32\link.7524-rc.write.1.tlog
D:\CrossApp\projects\Book9s\proj.win32\Debug.win32\link.7524.read.1.tlog
D:\CrossApp\projects\Book9s\proj.win32\Debug.win32\link.7524.write.1.tlog
D:\CrossApp\projects\Book9s\proj.win32\Debug.win32\link.8136-cvtres.read.1.tlog
D:\CrossApp\projects\Book9s\proj.win32\Debug.win32\link.8136-cvtres.write.1.tlog
D:\CrossApp\projects\Book9s\proj.win32\Debug.win32\link.8136-rc.read.1.tlog
D:\CrossApp\projects\Book9s\proj.win32\Debug.win32\link.8136-rc.write.1.tlog
D:\CrossApp\projects\Book9s\proj.win32\Debug.win32\link.8136.read.1.tlog
D:\CrossApp\projects\Book9s\proj.win32\Debug.win32\link.8136.write.1.tlog
D:\CrossApp\projects\Book9s\proj.win32\Debug.win32\link.command.1.tlog
D:\CrossApp\projects\Book9s\proj.win32\Debug.win32\link.read.1.tlog
D:\CrossApp\projects\Book9s\proj.win32\Debug.win32\link.write.1.tlog
D:\CrossApp\projects\Book9s\proj.win32\Debug.win32\libCocosDenshion.exp
D:\CrossApp\projects\Book9s\proj.win32\Debug.win32\libCrossApp.exp
D:\CrossApp\projects\Book9s\proj.win32\Debug.win32\vc110.idb
D:\CrossApp\projects\Book9s\proj.win32\Debug.win32\HelloCpp.pdb
D:\CrossApp\projects\Book9s\proj.win32\Debug.win32\libCocosDenshion.pdb
D:\CrossApp\projects\Book9s\proj.win32\Debug.win32\libCrossApp.pdb
D:\CrossApp\projects\Book9s\proj.win32\Debug.win32\vc110.pdb
